<?xml version="1.0" encoding="UTF-8"?>
<testsuite name="EE Composit.Event Engine API Calls V2.5x" tests="4" failures="2" errors="0" time="5.58"><properties><property name="testhost" value="https://qa-api.msg.com"/><property name="java.runtime.name" value="Java(TM) SE Runtime Environment"/><property name="sun.boot.library.path" value="/Library/Java/JavaVirtualMachines/jdk1.8.0_121.jdk/Contents/Home/jre/lib"/><property name="java.vm.version" value="25.121-b13"/><property name="gopherProxySet" value="false"/><property name="maven.multiModuleProjectDirectory" value="/Users/rasulm/eclipse-workspace/MSGEventEngine/EE_SoapReadyAPIProjects/EE_ReadyAPIProjects_V2.0_Composit"/><property name="java.vm.vendor" value="Oracle Corporation"/><property name="java.vendor.url" value="http://java.oracle.com/"/><property name="guice.disable.misplaced.annotation.check" value="true"/><property name="path.separator" value=":"/><property name="java.vm.name" value="Java HotSpot(TM) 64-Bit Server VM"/><property name="file.encoding.pkg" value="sun.io"/><property name="user.country" value="US"/><property name="sun.java.launcher" value="SUN_STANDARD"/><property name="sun.os.patch.level" value="unknown"/><property name="java.vm.specification.name" value="Java Virtual Machine Specification"/><property name="user.dir" value="/Users/rasulm/eclipse-workspace/MSGEventEngine/EE_SoapReadyAPIProjects/EE_ReadyAPIProjects_V2.0_Composit"/><property name="java.runtime.version" value="1.8.0_121-b13"/><property name="java.awt.graphicsenv" value="sun.awt.CGraphicsEnvironment"/><property name="java.endorsed.dirs" value="/Library/Java/JavaVirtualMachines/jdk1.8.0_121.jdk/Contents/Home/jre/lib/endorsed"/><property name="os.arch" value="x86_64"/><property name="java.io.tmpdir" value="/var/folders/yg/kcg_3qhs3172474895phrgg4qr2ryx/T/"/><property name="line.separator" value="
"/><property name="java.vm.specification.vendor" value="Oracle Corporation"/><property name="os.name" value="Mac OS X"/><property name="classworlds.conf" value="/usr/local/Cellar/maven/3.5.0/libexec/bin/m2.conf"/><property name="testtag" value="Smoke"/><property name="sun.jnu.encoding" value="UTF-8"/><property name="StartedByMaven" value="true"/><property name="java.library.path" value="/Users/rasulm/Library/Java/Extensions:/Library/Java/Extensions:/Network/Library/Java/Extensions:/System/Library/Java/Extensions:/usr/lib/java:."/><property name="maven.conf" value="/usr/local/Cellar/maven/3.5.0/libexec/conf"/><property name="sun.awt.enableExtraMouseButtons" value="true"/><property name="java.specification.name" value="Java Platform API Specification"/><property name="java.class.version" value="52.0"/><property name="sun.management.compiler" value="HotSpot 64-Bit Tiered Compilers"/><property name="os.version" value="10.12.6"/><property name="library.jansi.path" value="/usr/local/Cellar/maven/3.5.0/libexec/lib/jansi-native/osx64"/><property name="http.nonProxyHosts" value="local|*.local|169.254/16|*.169.254/16"/><property name="user.home" value="/Users/rasulm"/><property name="user.timezone" value="America/New_York"/><property name="java.awt.printerjob" value="sun.lwawt.macosx.CPrinterJob"/><property name="file.encoding" value="UTF-8"/><property name="java.specification.version" value="1.8"/><property name="java.class.path" value="/usr/local/Cellar/maven/3.5.0/libexec/boot/plexus-classworlds-2.5.2.jar"/><property name="user.name" value="rasulm"/><property name="java.vm.specification.version" value="1.8"/><property name="sun.java.command" value="org.codehaus.plexus.classworlds.launcher.Launcher test site -Dtesthost=https://qa-api.msg.com -Dtesttag=Smoke"/><property name="java.home" value="/Library/Java/JavaVirtualMachines/jdk1.8.0_121.jdk/Contents/Home/jre"/><property name="sun.arch.data.model" value="64"/><property name="h2.bindAddress" value="localhost"/><property name="user.language" value="en"/><property name="java.specification.vendor" value="Oracle Corporation"/><property name="awt.toolkit" value="sun.lwawt.macosx.LWCToolkit"/><property name="java.vm.info" value="mixed mode"/><property name="java.version" value="1.8.0_121"/><property name="java.ext.dirs" value="/Users/rasulm/Library/Java/Extensions:/Library/Java/JavaVirtualMachines/jdk1.8.0_121.jdk/Contents/Home/jre/lib/ext:/Library/Java/Extensions:/Network/Library/Java/Extensions:/System/Library/Java/Extensions:/usr/lib/java"/><property name="sun.boot.class.path" value="/Library/Java/JavaVirtualMachines/jdk1.8.0_121.jdk/Contents/Home/jre/lib/resources.jar:/Library/Java/JavaVirtualMachines/jdk1.8.0_121.jdk/Contents/Home/jre/lib/rt.jar:/Library/Java/JavaVirtualMachines/jdk1.8.0_121.jdk/Contents/Home/jre/lib/sunrsasign.jar:/Library/Java/JavaVirtualMachines/jdk1.8.0_121.jdk/Contents/Home/jre/lib/jsse.jar:/Library/Java/JavaVirtualMachines/jdk1.8.0_121.jdk/Contents/Home/jre/lib/jce.jar:/Library/Java/JavaVirtualMachines/jdk1.8.0_121.jdk/Contents/Home/jre/lib/charsets.jar:/Library/Java/JavaVirtualMachines/jdk1.8.0_121.jdk/Contents/Home/jre/lib/jfr.jar:/Library/Java/JavaVirtualMachines/jdk1.8.0_121.jdk/Contents/Home/jre/classes"/><property name="java.vendor" value="Oracle Corporation"/><property name="maven.home" value="/usr/local/Cellar/maven/3.5.0/libexec"/><property name="file.separator" value="/"/><property name="java.vendor.url.bug" value="http://bugreport.sun.com/bugreport/"/><property name="sun.font.fontmanager" value="sun.font.CFontManager"/><property name="sun.io.unicode.encoding" value="UnicodeBig"/><property name="sun.cpu.endian" value="little"/><property name="socksNonProxyHosts" value="local|*.local|169.254/16|*.169.254/16"/><property name="ftp.nonProxyHosts" value="local|*.local|169.254/16|*.169.254/16"/><property name="sun.cpu.isalist" value=""/></properties><testcase name="Venues - POSITIVE" time="0.6"/><testcase name="Artists - POSITIVE" time="1.951"><failure type="Failing due to failed test step" message="Failing due to failed test step"><![CDATA[<h3><b>Artist ID Events - API Call Only Failed</b></h3><pre>[Validate Event ID at the TOP] Missing token [results":[{"id] in Response
</pre><hr/><h3><b>Artist ID Events - Start and End Date Failed</b></h3><pre>[Valid Result is Not Empty - > Result []] Result is Empty Result[]. Expression: (totalelement != 0). Values: totalelement = 0
</pre><hr/><h3><b>Artist ID Events - Start and End Date &amp; Page Failed</b></h3><pre>[Valid Result is Not Empty - > Result []] Result is Empty Result[]. Expression: (totalelement != 0). Values: totalelement = 0
</pre><hr/><h3><b>Artist ID Events - Start and End Date &amp; Size Failed</b></h3><pre>[Valid Result is Not Empty - > Result []] Result is Empty Result[]. Expression: (totalelement != 0). Values: totalelement = 0
</pre><hr/><h3><b>Artist ID Events - Start and End Date &amp; Size &amp; Page Failed</b></h3><pre>[Valid Result is Not Empty - > Result []] Result is Empty Result[]. Expression: (totalelement != 0). Values: totalelement = 0
</pre><hr/>]]></failure></testcase><testcase name="Dates - POSITIVE" time="0.588"/><testcase name="Events - POSITIVE" time="2.441"><failure type="Failing due to failed test step" message="Failing due to failed test step"><![CDATA[<h3><b>Return A Event &amp; Check Response Body Failed</b></h3><pre>[Match content of [edp_url] using RegEx] Comparison failed. Path: [$['results'][0]['msg_edp_url']]; Expected value: [true]; Actual value: [false].
[Check for existence of [default_image]] Comparison failed. Path: [$['results'][0]['default_image']]; Expected value: [true]; Actual value: [false].
</pre><hr/><h3><b>Sort by Start Date Ascending Failed</b></h3><pre>[Valid Result is Not Empty - > Result []] Result is Empty Result[]. Expression: (totalelement != 0). Values: totalelement = 0
</pre><hr/><h3><b>Sort by Start Date Descending Failed</b></h3><pre>[Valid Result is Not Empty - > Result []] Result is Empty Result[]. Expression: (totalelement != 0). Values: totalelement = 0
</pre><hr/><h3><b>Start Date and End Date and Min price and Max price Failed</b></h3><pre>[Valid Result is Not Empty - > Result []] Result is Empty Result[]. Expression: (totalelement != 0). Values: totalelement = 0
</pre><hr/><h3><b>Start Date and End Date and Min price and Max price &amp; venue_id Failed</b></h3><pre>[Valid Result is Not Empty - > Result []] Result is Empty Result[]. Expression: (totalelement != 0). Values: totalelement = 0
</pre><hr/>]]></failure></testcase></testsuite>